2025-09-02 14:15:53,265 [INFO] Export module started
2025-09-02 14:15:53,265 [INFO] Import module started
2025-09-02 14:15:53,318 [DEBUG] matplotlib data path: C:\Users\lilku\AppData\Local\Temp\_MEI220802\matplotlib\mpl-data
2025-09-02 14:15:53,318 [DEBUG] CONFIGDIR=C:\Users\lilku\AppData\Local\Temp\tmp5xmshp_h
2025-09-02 14:15:53,318 [DEBUG] interactive is False
2025-09-02 14:15:53,318 [DEBUG] platform is win32
2025-09-02 14:15:53,329 [DEBUG] CACHEDIR=C:\Users\lilku\AppData\Local\Temp\tmp5xmshp_h
2025-09-02 14:15:53,329 [DEBUG] font search path [WindowsPath('C:/Users/lilku/AppData/Local/Temp/_MEI220802/matplotlib/mpl-data/fonts/ttf'), WindowsPath('C:/Users/lilku/AppData/Local/Temp/_MEI220802/matplotlib/mpl-data/fonts/afm'), WindowsPath('C:/Users/lilku/AppData/Local/Temp/_MEI220802/matplotlib/mpl-data/fonts/pdfcorefonts')]
2025-09-02 14:15:53,964 [INFO] Failed to extract font properties from C:\Users\lilku\AppData\Local\Microsoft\Windows\Fonts\LiebeHeide-Color-iF66f2f6065f2e8.otf: Non-scalable fonts are not supported
2025-09-02 14:15:54,072 [INFO] generated new fontManager
2025-09-02 14:15:54,215 [INFO] Application started
2025-09-02 14:15:54,278 [INFO] Initializing DashboardTab UI
2025-09-02 14:15:54,278 [DEBUG] Setting up UI layouts and widgets
2025-09-02 14:15:54,294 [DEBUG] Metric card 'Total Items' created with initial value '0'.
2025-09-02 14:15:54,294 [DEBUG] Metric card 'Total Value' created with initial value '$0'.
2025-09-02 14:15:54,294 [DEBUG] Metric card 'Low Stock Items' created with initial value '0'.
2025-09-02 14:15:54,581 [INFO] UI initialization complete.
2025-09-02 14:15:54,581 [INFO] Loading data from the database.
2025-09-02 14:15:54,595 [ERROR] Database error: unable to open database file
2025-09-02 14:15:54,627 [INFO] Loaded 0 rows from the database.
2025-09-02 14:15:54,627 [DEBUG] Table widget updated with new data.
2025-09-02 14:16:10,075 [INFO] Export module started
2025-09-02 14:16:10,075 [INFO] Import module started
2025-09-02 14:16:10,123 [DEBUG] matplotlib data path: C:\Users\lilku\AppData\Local\Temp\_MEI95002\matplotlib\mpl-data
2025-09-02 14:16:10,123 [DEBUG] CONFIGDIR=C:\Users\lilku\AppData\Local\Temp\tmpoe5yrcw8
2025-09-02 14:16:10,123 [DEBUG] interactive is False
2025-09-02 14:16:10,123 [DEBUG] platform is win32
2025-09-02 14:16:10,139 [DEBUG] CACHEDIR=C:\Users\lilku\AppData\Local\Temp\tmpoe5yrcw8
2025-09-02 14:16:10,139 [DEBUG] font search path [WindowsPath('C:/Users/lilku/AppData/Local/Temp/_MEI95002/matplotlib/mpl-data/fonts/ttf'), WindowsPath('C:/Users/lilku/AppData/Local/Temp/_MEI95002/matplotlib/mpl-data/fonts/afm'), WindowsPath('C:/Users/lilku/AppData/Local/Temp/_MEI95002/matplotlib/mpl-data/fonts/pdfcorefonts')]
2025-09-02 14:16:10,491 [INFO] Failed to extract font properties from C:\Users\lilku\AppData\Local\Microsoft\Windows\Fonts\LiebeHeide-Color-iF66f2f6065f2e8.otf: Non-scalable fonts are not supported
2025-09-02 14:16:10,554 [INFO] generated new fontManager
2025-09-02 14:16:10,711 [INFO] Application started
2025-09-02 14:16:10,765 [INFO] Initializing DashboardTab UI
2025-09-02 14:16:10,775 [DEBUG] Setting up UI layouts and widgets
2025-09-02 14:16:10,775 [DEBUG] Metric card 'Total Items' created with initial value '0'.
2025-09-02 14:16:10,775 [DEBUG] Metric card 'Total Value' created with initial value '$0'.
2025-09-02 14:16:10,775 [DEBUG] Metric card 'Low Stock Items' created with initial value '0'.
2025-09-02 14:16:11,011 [INFO] UI initialization complete.
2025-09-02 14:16:11,027 [INFO] Loading data from the database.
2025-09-02 14:16:11,027 [DEBUG] Total items: 0
2025-09-02 14:16:11,027 [DEBUG] Total value: $0.00
2025-09-02 14:16:11,027 [DEBUG] Low stock items: 0
2025-09-02 14:16:11,027 [INFO] Updating chart.
2025-09-02 14:16:11,035 [DEBUG] No data available for chart.
2025-09-02 14:16:11,059 [INFO] Chart drawing complete.
2025-09-02 14:16:11,059 [INFO] Updating recent activity table.
2025-09-02 14:16:11,059 [DEBUG] No recent activity found.
2025-09-02 14:16:11,059 [INFO] Data loaded and UI updated successfully.
2025-09-02 14:16:11,074 [INFO] Loaded 0 rows from the database.
2025-09-02 14:16:11,074 [DEBUG] Table widget updated with new data.
2025-09-02 14:19:04,921 [INFO] Export module started
2025-09-02 14:19:04,921 [INFO] Import module started
2025-09-02 14:19:04,975 [DEBUG] matplotlib data path: C:\Users\lilku\AppData\Local\Temp\_MEI250202\matplotlib\mpl-data
2025-09-02 14:19:04,975 [DEBUG] CONFIGDIR=C:\Users\lilku\AppData\Local\Temp\tmpklwy66ig
2025-09-02 14:19:04,975 [DEBUG] interactive is False
2025-09-02 14:19:04,975 [DEBUG] platform is win32
2025-09-02 14:19:04,984 [DEBUG] CACHEDIR=C:\Users\lilku\AppData\Local\Temp\tmpklwy66ig
2025-09-02 14:19:05,000 [DEBUG] font search path [WindowsPath('C:/Users/lilku/AppData/Local/Temp/_MEI250202/matplotlib/mpl-data/fonts/ttf'), WindowsPath('C:/Users/lilku/AppData/Local/Temp/_MEI250202/matplotlib/mpl-data/fonts/afm'), WindowsPath('C:/Users/lilku/AppData/Local/Temp/_MEI250202/matplotlib/mpl-data/fonts/pdfcorefonts')]
2025-09-02 14:19:05,347 [INFO] Failed to extract font properties from C:\Users\lilku\AppData\Local\Microsoft\Windows\Fonts\LiebeHeide-Color-iF66f2f6065f2e8.otf: Non-scalable fonts are not supported
2025-09-02 14:19:05,382 [INFO] generated new fontManager
2025-09-02 14:19:05,541 [INFO] Application started
2025-09-02 14:19:05,605 [INFO] Initializing DashboardTab UI
2025-09-02 14:19:05,605 [DEBUG] Setting up UI layouts and widgets
2025-09-02 14:19:05,605 [DEBUG] Metric card 'Total Items' created with initial value '0'.
2025-09-02 14:19:05,605 [DEBUG] Metric card 'Total Value' created with initial value '$0'.
2025-09-02 14:19:05,605 [DEBUG] Metric card 'Low Stock Items' created with initial value '0'.
2025-09-02 14:19:05,853 [INFO] UI initialization complete.
2025-09-02 14:19:05,853 [INFO] Loading data from the database.
2025-09-02 14:19:05,853 [DEBUG] Total items: 0
2025-09-02 14:19:05,853 [DEBUG] Total value: $0.00
2025-09-02 14:19:05,856 [DEBUG] Low stock items: 0
2025-09-02 14:19:05,856 [INFO] Updating chart.
2025-09-02 14:19:05,856 [DEBUG] No data available for chart.
2025-09-02 14:19:05,872 [INFO] Chart drawing complete.
2025-09-02 14:19:05,888 [INFO] Updating recent activity table.
2025-09-02 14:19:05,888 [DEBUG] No recent activity found.
2025-09-02 14:19:05,888 [INFO] Data loaded and UI updated successfully.
2025-09-02 14:19:05,902 [INFO] Loaded 0 rows from the database.
2025-09-02 14:19:05,902 [DEBUG] Table widget updated with new data.
2025-09-02 14:19:21,609 [INFO] Adding a new item to the database.
2025-09-02 14:19:21,609 [INFO] Connecting to the database for adding a new item.
2025-09-02 14:19:21,609 [DEBUG] Existing names in database: []
2025-09-02 14:19:21,609 [INFO] Item 'the' added successfully.
2025-09-02 14:19:26,152 [INFO] Loaded 1 rows from the database.
2025-09-02 14:19:26,152 [DEBUG] Table widget updated with new data.
2025-09-02 14:19:38,572 [INFO] Adding a new item to the database.
2025-09-02 14:19:38,572 [INFO] Connecting to the database for adding a new item.
2025-09-02 14:19:38,572 [DEBUG] Existing names in database: ['the']
2025-09-02 14:19:38,592 [INFO] Item 'www' added successfully.
2025-09-02 14:19:42,207 [INFO] Loaded 2 rows from the database.
2025-09-02 14:19:42,207 [DEBUG] Table widget updated with new data.
